<?xml version="1.0" encoding="utf-8"?><testsuites name="pytest tests"><testsuite name="pytest" errors="0" failures="0" skipped="0" tests="6" time="1.887" timestamp="2026-03-05T15:43:31.993864+00:00" hostname="agent-env-824e6969-4799-486a-acf0-1af5a0d38198"><testcase classname="backend.tests.test_admin_bypass.TestAdminMe" name="test_regular_user_is_not_admin" time="0.336" /><testcase classname="backend.tests.test_admin_bypass.TestPaymentsEndpointAdminBypass" name="test_regular_user_features_locked" time="0.365" /><testcase classname="backend.tests.test_admin_bypass.TestGroundsEndpointAdminBypass" name="test_regular_user_grounds_locked" time="0.385" /><testcase classname="backend.tests.test_admin_bypass.TestAdminEmailVerification" name="test_admin_emails_env_var_accessible" time="0.159" /><testcase classname="backend.tests.test_admin_bypass.TestAdminEmailVerification" name="test_auth_me_has_is_admin_field" time="0.216" /><testcase classname="backend.tests.test_admin_bypass.TestLlmChatConstructorFix" name="test_contradictions_endpoint_accessible" time="0.364" /></testsuite></testsuites>