<?xml version="1.0" encoding="utf-8"?><testsuites name="pytest tests"><testsuite name="pytest" errors="0" failures="0" skipped="0" tests="10" time="87.715" timestamp="2026-03-05T16:22:57.593821+00:00" hostname="agent-env-824e6969-4799-486a-acf0-1af5a0d38198"><testcase classname="backend.tests.test_ai_features_iteration26.TestAdminReportGeneration" name="test_quick_summary_report" time="10.053" /><testcase classname="backend.tests.test_ai_features_iteration26.TestAdminReportGeneration" name="test_full_detailed_report_admin_bypass" time="17.195" /><testcase classname="backend.tests.test_ai_features_iteration26.TestAdminReportGeneration" name="test_extensive_log_report_admin_bypass" time="16.515" /><testcase classname="backend.tests.test_ai_features_iteration26.TestGroundsIdentification" name="test_auto_identify_grounds" time="20.156" /><testcase classname="backend.tests.test_ai_features_iteration26.TestGroundsIdentification" name="test_get_existing_grounds" time="0.152" /><testcase classname="backend.tests.test_ai_features_iteration26.TestInvestigateGround" name="test_investigate_ground" time="18.977" /><testcase classname="backend.tests.test_ai_features_iteration26.TestContradictionsScan" name="test_contradictions_scan_with_empty_body" time="2.488" /><testcase classname="backend.tests.test_ai_features_iteration26.TestContradictionsScan" name="test_contradictions_scan_with_focus_areas" time="1.887" /><testcase classname="backend.tests.test_ai_features_iteration26.TestContradictionsScan" name="test_get_previous_scans" time="0.119" /><testcase classname="backend.tests.test_ai_features_iteration26.TestReportsDataFormat" name="test_report_has_generated_at_field" time="0.118" /></testsuite></testsuites>