<?xml version="1.0" encoding="utf-8"?><testsuites name="pytest tests"><testsuite name="pytest" errors="0" failures="0" skipped="0" tests="14" time="2.928" timestamp="2026-03-05T06:42:54.746352+00:00" hostname="agent-env-5f91b78f-90e3-48ab-8648-9ce593848291"><testcase classname="backend.tests.test_auth_email_password.TestAuthRegister" name="test_register_new_user_success" time="0.174" /><testcase classname="backend.tests.test_auth_email_password.TestAuthRegister" name="test_register_duplicate_email_fails" time="0.248" /><testcase classname="backend.tests.test_auth_email_password.TestAuthRegister" name="test_register_invalid_email_fails" time="0.113" /><testcase classname="backend.tests.test_auth_email_password.TestAuthRegister" name="test_register_short_password_fails" time="0.098" /><testcase classname="backend.tests.test_auth_email_password.TestAuthRegister" name="test_register_missing_email_fails" time="0.109" /><testcase classname="backend.tests.test_auth_email_password.TestAuthLogin" name="test_login_success" time="0.269" /><testcase classname="backend.tests.test_auth_email_password.TestAuthLogin" name="test_login_wrong_password_fails" time="0.249" /><testcase classname="backend.tests.test_auth_email_password.TestAuthLogin" name="test_login_nonexistent_user_fails" time="0.131" /><testcase classname="backend.tests.test_auth_email_password.TestAuthLogin" name="test_login_sets_session_cookie" time="0.266" /><testcase classname="backend.tests.test_auth_email_password.TestAuthMe" name="test_auth_me_returns_user_data" time="0.193" /><testcase classname="backend.tests.test_auth_email_password.TestAuthMe" name="test_auth_me_fails_without_session" time="0.106" /><testcase classname="backend.tests.test_auth_email_password.TestAuthMe" name="test_auth_me_with_bearer_token" time="0.231" /><testcase classname="backend.tests.test_auth_email_password.TestAuthLogout" name="test_logout_success" time="0.246" /><testcase classname="backend.tests.test_auth_email_password.TestAuthIntegration" name="test_full_auth_flow_register_login_verify" time="0.428" /></testsuite></testsuites>