<?xml version="1.0" encoding="utf-8"?><testsuites name="pytest tests"><testsuite name="pytest" errors="0" failures="0" skipped="0" tests="8" time="1.114" timestamp="2026-03-05T17:11:12.954313+00:00" hostname="agent-env-824e6969-4799-486a-acf0-1af5a0d38198"><testcase classname="backend.tests.test_barrister_view_iteration27.TestReportExportPDF" name="test_export_pdf_returns_pdf_content" time="0.365" /><testcase classname="backend.tests.test_barrister_view_iteration27.TestReportExportPDF" name="test_export_pdf_has_content_disposition" time="0.073" /><testcase classname="backend.tests.test_barrister_view_iteration27.TestReportExportDOCX" name="test_export_docx_returns_docx_content" time="0.251" /><testcase classname="backend.tests.test_barrister_view_iteration27.TestReportExportDOCX" name="test_export_docx_has_content_disposition" time="0.115" /><testcase classname="backend.tests.test_barrister_view_iteration27.TestReportsListWithDate" name="test_reports_have_generated_at_date" time="0.062" /><testcase classname="backend.tests.test_barrister_view_iteration27.TestGroundsEndpoint" name="test_get_grounds_returns_grounds_array" time="0.069" /><testcase classname="backend.tests.test_barrister_view_iteration27.TestSingleReportEndpoint" name="test_get_single_report" time="0.059" /><testcase classname="backend.tests.test_barrister_view_iteration27.TestCaseEndpoint" name="test_get_case_returns_case_data" time="0.054" /></testsuite></testsuites>