<?xml version="1.0" encoding="utf-8"?><testsuites name="pytest tests"><testsuite name="pytest" errors="0" failures="0" skipped="0" tests="20" time="2.430" timestamp="2026-03-05T10:34:49.627746+00:00" hostname="agent-env-a637a002-3f87-4f54-a5de-87fc324a137d"><testcase classname="tests.test_compare_contradictions.TestAuthentication" name="test_patterns_requires_auth" time="0.180" /><testcase classname="tests.test_compare_contradictions.TestAuthentication" name="test_my_cases_requires_auth" time="0.098" /><testcase classname="tests.test_compare_contradictions.TestAuthentication" name="test_success_factors_requires_auth" time="0.105" /><testcase classname="tests.test_compare_contradictions.TestAuthentication" name="test_contradictions_scan_requires_auth" time="0.112" /><testcase classname="tests.test_compare_contradictions.TestComparePatterns" name="test_get_patterns_no_filter" time="0.259" /><testcase classname="tests.test_compare_contradictions.TestComparePatterns" name="test_get_patterns_with_offence_filter" time="0.059" /><testcase classname="tests.test_compare_contradictions.TestComparePatterns" name="test_get_patterns_with_state_filter" time="0.049" /><testcase classname="tests.test_compare_contradictions.TestComparePatterns" name="test_get_patterns_with_ground_type_filter" time="0.081" /><testcase classname="tests.test_compare_contradictions.TestCompareSuccessFactors" name="test_get_success_factors" time="0.096" /><testcase classname="tests.test_compare_contradictions.TestCompareSuccessFactors" name="test_get_success_factors_with_filter" time="0.189" /><testcase classname="tests.test_compare_contradictions.TestCompareMyCases" name="test_compare_requires_2_cases" time="0.152" /><testcase classname="tests.test_compare_contradictions.TestCompareMyCases" name="test_compare_max_5_cases" time="0.049" /><testcase classname="tests.test_compare_contradictions.TestCompareMyCases" name="test_compare_validates_case_ownership" time="0.048" /><testcase classname="tests.test_compare_contradictions.TestCompareMyCases" name="test_compare_success" time="0.051" /><testcase classname="tests.test_compare_contradictions.TestContradictionFinder" name="test_scan_requires_2_documents" time="0.352" /><testcase classname="tests.test_compare_contradictions.TestContradictionFinder" name="test_get_scans_empty" time="0.048" /><testcase classname="tests.test_compare_contradictions.TestContradictionFinder" name="test_scan_validates_case_ownership" time="0.056" /><testcase classname="tests.test_compare_contradictions.TestContradictionFinder" name="test_scan_with_focus_areas" time="0.056" /><testcase classname="tests.test_compare_contradictions.TestEndpointStructure" name="test_patterns_response_structure" time="0.080" /><testcase classname="tests.test_compare_contradictions.TestEndpointStructure" name="test_success_factors_response_structure" time="0.256" /></testsuite></testsuites>