<?xml version="1.0" encoding="utf-8"?><testsuites name="pytest tests"><testsuite name="pytest" errors="0" failures="0" skipped="2" tests="13" time="4.803" timestamp="2026-03-05T10:52:16.053402+00:00" hostname="agent-env-a637a002-3f87-4f54-a5de-87fc324a137d"><testcase classname="backend.tests.test_export_features.TestExportEndpoints" name="test_export_preview_returns_counts" time="0.379" /><testcase classname="backend.tests.test_export_features.TestExportEndpoints" name="test_export_preview_unauthorized_case" time="0.319" /><testcase classname="backend.tests.test_export_features.TestExportEndpoints" name="test_export_package_generates_zip" time="0.321" /><testcase classname="backend.tests.test_export_features.TestExportEndpoints" name="test_export_package_with_selective_options" time="0.296" /><testcase classname="backend.tests.test_export_features.TestExportEndpoints" name="test_export_package_templates_content" time="0.317" /><testcase classname="backend.tests.test_export_features.TestExportEndpoints" name="test_export_package_unauthorized" time="0.329" /><testcase classname="backend.tests.test_export_features.TestExportEndpoints" name="test_bundle_requires_documents" time="0.415" /><testcase classname="backend.tests.test_export_features.TestExportEndpoints" name="test_bundle_with_nonexistent_documents" time="0.301" /><testcase classname="backend.tests.test_export_features.TestExportEndpoints" name="test_bundle_unauthorized" time="0.312" /><testcase classname="backend.tests.test_export_features.TestExportWithDocuments" name="test_export_preview_counts_documents" time="0.573" /><testcase classname="backend.tests.test_export_features.TestExportWithDocuments" name="test_bundle_with_real_documents" time="0.455"><skipped type="pytest.skip" message="No documents were uploaded successfully">/app/backend/tests/test_export_features.py:362: No documents were uploaded successfully</skipped></testcase><testcase classname="backend.tests.test_export_features.TestExportWithDocuments" name="test_bundle_without_toc" time="0.432"><skipped type="pytest.skip" message="No documents were uploaded successfully">/app/backend/tests/test_export_features.py:393: No documents were uploaded successfully</skipped></testcase><testcase classname="backend.tests.test_export_features.TestCaseStrengthMeter" name="test_case_strength_endpoint_exists" time="0.288" /></testsuite></testsuites>