<?xml version="1.0" encoding="utf-8"?><testsuites name="pytest tests"><testsuite name="pytest" errors="0" failures="2" skipped="0" tests="12" time="1.972" timestamp="2026-03-06T03:06:47.190310+00:00" hostname="agent-env-9476e74d-75b7-4c1c-94b5-f4371dd328c1"><testcase classname="backend.tests.test_reports_iteration32.TestHealthAndEndpoints" name="test_health_endpoint" time="0.198"><failure message="requests.exceptions.JSONDecodeError: Expecting value: line 1 column 1 (char 0)">/root/.venv/lib/python3.11/site-packages/requests/models.py:976: in json
    return complexjson.loads(self.text, **kwargs)
           ^^^^^^^^^^^^^^^^^^^^^^^^^^^^^^^^^^^^^^
/usr/local/lib/python3.11/json/__init__.py:346: in loads
    return _default_decoder.decode(s)
           ^^^^^^^^^^^^^^^^^^^^^^^^^^
/usr/local/lib/python3.11/json/decoder.py:337: in decode
    obj, end = self.raw_decode(s, idx=_w(s, 0).end())
               ^^^^^^^^^^^^^^^^^^^^^^^^^^^^^^^^^^^^^^
/usr/local/lib/python3.11/json/decoder.py:355: in raw_decode
    raise JSONDecodeError("Expecting value", s, err.value) from None
E   json.decoder.JSONDecodeError: Expecting value: line 1 column 1 (char 0)

During handling of the above exception, another exception occurred:
backend/tests/test_reports_iteration32.py:21: in test_health_endpoint
    data = response.json()
           ^^^^^^^^^^^^^^^
/root/.venv/lib/python3.11/site-packages/requests/models.py:980: in json
    raise RequestsJSONDecodeError(e.msg, e.doc, e.pos)
E   requests.exceptions.JSONDecodeError: Expecting value: line 1 column 1 (char 0)</failure></testcase><testcase classname="backend.tests.test_reports_iteration32.TestHealthAndEndpoints" name="test_offence_categories_endpoint" time="0.116" /><testcase classname="backend.tests.test_reports_iteration32.TestHealthAndEndpoints" name="test_states_endpoint" time="0.171" /><testcase classname="backend.tests.test_reports_iteration32.TestReportGeneration" name="test_report_generate_requires_auth" time="0.148" /><testcase classname="backend.tests.test_reports_iteration32.TestReportGeneration" name="test_report_types_exist" time="0.000" /><testcase classname="backend.tests.test_reports_iteration32.TestAdminAccess" name="test_admin_stats_requires_auth" time="0.105"><failure message="assert 404 == 401&#10; +  where 404 = &lt;Response [404]&gt;.status_code">backend/tests/test_reports_iteration32.py:74: in test_admin_stats_requires_auth
    assert response.status_code == 401
E   assert 404 == 401
E    +  where 404 = &lt;Response [404]&gt;.status_code</failure></testcase><testcase classname="backend.tests.test_reports_iteration32.TestAdminAccess" name="test_auth_me_without_session" time="0.122" /><testcase classname="backend.tests.test_reports_iteration32.TestPaymentEndpoints" name="test_payment_prices_accessible" time="0.118" /><testcase classname="backend.tests.test_reports_iteration32.TestPaymentEndpoints" name="test_payment_methods_accessible" time="0.113" /><testcase classname="backend.tests.test_reports_iteration32.TestPublicPages" name="test_landing_page_accessible" time="0.199" /><testcase classname="backend.tests.test_reports_iteration32.TestPublicPages" name="test_legal_resources_page_accessible" time="0.435" /><testcase classname="backend.tests.test_reports_iteration32.TestPublicPages" name="test_forms_page_accessible" time="0.124" /></testsuite></testsuites>