<?xml version="1.0" encoding="utf-8"?><testsuites name="pytest tests"><testsuite name="pytest" errors="0" failures="0" skipped="0" tests="22" time="23.815" timestamp="2026-03-06T04:14:20.873848+00:00" hostname="agent-env-9476e74d-75b7-4c1c-94b5-f4371dd328c1"><testcase classname="backend.tests.test_iteration35.TestHealthAndBasics" name="test_health_endpoint" time="0.307" /><testcase classname="backend.tests.test_iteration35.TestHealthAndBasics" name="test_api_offence_categories" time="0.114" /><testcase classname="backend.tests.test_iteration35.TestHealthAndBasics" name="test_api_states" time="0.138" /><testcase classname="backend.tests.test_iteration35.TestHealthAndBasics" name="test_payment_prices" time="0.123" /><testcase classname="backend.tests.test_iteration35.TestAuthenticationRequired" name="test_cases_requires_auth" time="0.147" /><testcase classname="backend.tests.test_iteration35.TestAuthenticationRequired" name="test_notes_requires_auth" time="0.115" /><testcase classname="backend.tests.test_iteration35.TestNotesFlow" name="test_create_note_with_mention" time="0.213" /><testcase classname="backend.tests.test_iteration35.TestNotesFlow" name="test_update_note" time="0.060" /><testcase classname="backend.tests.test_iteration35.TestNotesFlow" name="test_pin_unpin_note" time="0.134" /><testcase classname="backend.tests.test_iteration35.TestNotesFlow" name="test_add_note_comment" time="0.080" /><testcase classname="backend.tests.test_iteration35.TestNotesFlow" name="test_delete_note_comment" time="0.073" /><testcase classname="backend.tests.test_iteration35.TestNotesFlow" name="test_list_notes_returns_mentions_comments_pinned" time="0.058" /><testcase classname="backend.tests.test_iteration35.TestNotesFlow" name="test_delete_note" time="0.066" /><testcase classname="backend.tests.test_iteration35.TestReportGenerationAggressiveMode" name="test_report_request_model_has_aggressive_mode" time="0.000" /><testcase classname="backend.tests.test_iteration35.TestReportGenerationAggressiveMode" name="test_report_generation_accepts_aggressive_mode" time="21.863" /><testcase classname="backend.tests.test_iteration35.TestDeadlines" name="test_create_deadline" time="0.061" /><testcase classname="backend.tests.test_iteration35.TestDeadlines" name="test_list_deadlines" time="0.062" /><testcase classname="backend.tests.test_iteration35.TestDeadlines" name="test_update_deadline_complete" time="0.058" /><testcase classname="backend.tests.test_iteration35.TestDeadlines" name="test_delete_deadline" time="0.052" /><testcase classname="backend.tests.test_iteration35.TestRoutingAndContacts" name="test_contacts_redirects_to_legal_contacts" time="0.000" /><testcase classname="backend.tests.test_iteration35.TestRoutingAndContacts" name="test_contact_page_exists" time="0.000" /><testcase classname="backend.tests.test_iteration35.TestRoutingAndContacts" name="test_legal_contacts_page_exists" time="0.003" /></testsuite></testsuites>