<?xml version="1.0" encoding="utf-8"?><testsuites name="pytest tests"><testsuite name="pytest" errors="0" failures="0" skipped="0" tests="10" time="1.837" timestamp="2026-03-05T16:00:15.789945+00:00" hostname="agent-env-824e6969-4799-486a-acf0-1af5a0d38198"><testcase classname="tests.test_iteration25.TestAuthEndpoints" name="test_register_new_user" time="0.190" /><testcase classname="tests.test_iteration25.TestAuthEndpoints" name="test_register_duplicate_email_fails" time="0.115" /><testcase classname="tests.test_iteration25.TestAuthEndpoints" name="test_login_with_registered_user" time="0.153" /><testcase classname="tests.test_iteration25.TestAuthEndpoints" name="test_login_invalid_credentials" time="0.194" /><testcase classname="tests.test_iteration25.TestAuthEndpoints" name="test_auth_me_returns_user" time="0.224" /><testcase classname="tests.test_iteration25.TestAuthEndpoints" name="test_auth_me_has_is_admin_field" time="0.198" /><testcase classname="tests.test_iteration25.TestStatesEndpoint" name="test_states_returns_all_australian_states" time="0.119" /><testcase classname="tests.test_iteration25.TestAnalyticsDashboard" name="test_analytics_dashboard_requires_auth" time="0.201" /><testcase classname="tests.test_iteration25.TestAnalyticsDashboard" name="test_analytics_dashboard_requires_admin" time="0.241" /><testcase classname="tests.test_iteration25.TestHealthCheck" name="test_health_endpoint" time="0.137" /></testsuite></testsuites>