<?xml version="1.0" encoding="utf-8"?><testsuites name="pytest tests"><testsuite name="pytest" errors="0" failures="2" skipped="0" tests="14" time="2.498" timestamp="2026-03-06T03:33:15.403974+00:00" hostname="agent-env-9476e74d-75b7-4c1c-94b5-f4371dd328c1"><testcase classname="backend.tests.test_reports_iteration33.TestHealthAndBasicEndpoints" name="test_api_health" time="0.206" /><testcase classname="backend.tests.test_reports_iteration33.TestHealthAndBasicEndpoints" name="test_offence_categories" time="0.164"><failure message="AssertionError: Expected list of categories&#10;assert False&#10; +  where False = isinstance({'categories': [{'description': 'Murder, manslaughter, and related offences', 'id': 'homicide', 'name': 'Homicide', 'offences': ['Murder', 'Manslaughter', 'Attempted Murder', 'Dangerous Driving Causing Death', 'Infanticide', 'Aiding Suicide']}, {'description': 'Assault, grievous bodily harm, and violent offences', 'id': 'assault', 'name': 'Assault &amp; Violence', 'offences': ['Common Assault', 'Assault Occasioning ABH', 'Assault Occasioning GBH', 'Wounding', 'Affray', 'Intimidation', ...]}, {'description': 'Sexual assault and related offences', 'id': 'sexual_offences', 'name': 'Sexual Offences', 'offences': ['Sexual Assault', 'Aggravated Sexual Assault', 'Sexual Touching', 'Indecent Assault', 'Child Sexual Offences', 'Rape', ...]}, {'description': 'Robbery, theft, stealing, and property offences', 'id': 'robbery_theft', 'name': 'Robbery &amp; Theft', 'offences': ['Armed Robbery', 'Robbery', 'Theft', 'Stealing', 'Receiving Stolen Property', 'Break and Enter', ...]}, {'description': 'Drug possession, supply, and trafficking', 'id': 'drug_offences', 'name': 'Drug Offences', 'offences': ['Drug Possession', 'Drug Supply', 'Drug Trafficking', 'Drug Importation', 'Drug Manufacturing', 'Cultivating Cannabis', ...]}, {'description': 'Fraud, forgery, and dishonesty offences', 'id': 'fraud_dishonesty', 'name': 'Fraud &amp; Dishonesty', 'offences': ['Fraud', 'Forgery', 'Identity Theft', 'Money Laundering', 'Obtaining by Deception', 'Dishonestly Obtaining Financial Advantage', ...]}, ...]}, list)">backend/tests/test_reports_iteration33.py:27: in test_offence_categories
    assert isinstance(data, list), "Expected list of categories"
E   AssertionError: Expected list of categories
E   assert False
E    +  where False = isinstance({'categories': [{'description': 'Murder, manslaughter, and related offences', 'id': 'homicide', 'name': 'Homicide', 'offences': ['Murder', 'Manslaughter', 'Attempted Murder', 'Dangerous Driving Causing Death', 'Infanticide', 'Aiding Suicide']}, {'description': 'Assault, grievous bodily harm, and violent offences', 'id': 'assault', 'name': 'Assault &amp; Violence', 'offences': ['Common Assault', 'Assault Occasioning ABH', 'Assault Occasioning GBH', 'Wounding', 'Affray', 'Intimidation', ...]}, {'description': 'Sexual assault and related offences', 'id': 'sexual_offences', 'name': 'Sexual Offences', 'offences': ['Sexual Assault', 'Aggravated Sexual Assault', 'Sexual Touching', 'Indecent Assault', 'Child Sexual Offences', 'Rape', ...]}, {'description': 'Robbery, theft, stealing, and property offences', 'id': 'robbery_theft', 'name': 'Robbery &amp; Theft', 'offences': ['Armed Robbery', 'Robbery', 'Theft', 'Stealing', 'Receiving Stolen Property', 'Break and Enter', ...]}, {'description': 'Drug possession, supply, and trafficking', 'id': 'drug_offences', 'name': 'Drug Offences', 'offences': ['Drug Possession', 'Drug Supply', 'Drug Trafficking', 'Drug Importation', 'Drug Manufacturing', 'Cultivating Cannabis', ...]}, {'description': 'Fraud, forgery, and dishonesty offences', 'id': 'fraud_dishonesty', 'name': 'Fraud &amp; Dishonesty', 'offences': ['Fraud', 'Forgery', 'Identity Theft', 'Money Laundering', 'Obtaining by Deception', 'Dishonestly Obtaining Financial Advantage', ...]}, ...]}, list)</failure></testcase><testcase classname="backend.tests.test_reports_iteration33.TestHealthAndBasicEndpoints" name="test_states_endpoint" time="0.140"><failure message="AssertionError: Expected list of states&#10;assert False&#10; +  where False = isinstance({'states': [{'abbreviation': 'NSW', 'id': 'nsw', 'name': 'New South Wales'}, {'abbreviation': 'VIC', 'id': 'vic', 'name': 'Victoria'}, {'abbreviation': 'QLD', 'id': 'qld', 'name': 'Queensland'}, {'abbreviation': 'SA', 'id': 'sa', 'name': 'South Australia'}, {'abbreviation': 'WA', 'id': 'wa', 'name': 'Western Australia'}, {'abbreviation': 'TAS', 'id': 'tas', 'name': 'Tasmania'}, ...]}, list)">backend/tests/test_reports_iteration33.py:36: in test_states_endpoint
    assert isinstance(data, list), "Expected list of states"
E   AssertionError: Expected list of states
E   assert False
E    +  where False = isinstance({'states': [{'abbreviation': 'NSW', 'id': 'nsw', 'name': 'New South Wales'}, {'abbreviation': 'VIC', 'id': 'vic', 'name': 'Victoria'}, {'abbreviation': 'QLD', 'id': 'qld', 'name': 'Queensland'}, {'abbreviation': 'SA', 'id': 'sa', 'name': 'South Australia'}, {'abbreviation': 'WA', 'id': 'wa', 'name': 'Western Australia'}, {'abbreviation': 'TAS', 'id': 'tas', 'name': 'Tasmania'}, ...]}, list)</failure></testcase><testcase classname="backend.tests.test_reports_iteration33.TestPaymentEndpoints" name="test_payment_prices" time="0.115" /><testcase classname="backend.tests.test_reports_iteration33.TestPaymentEndpoints" name="test_payment_methods" time="0.144" /><testcase classname="backend.tests.test_reports_iteration33.TestAuthProtection" name="test_auth_me_requires_auth" time="0.143" /><testcase classname="backend.tests.test_reports_iteration33.TestAuthProtection" name="test_cases_endpoint_requires_auth" time="0.103" /><testcase classname="backend.tests.test_reports_iteration33.TestReportGenerationProtection" name="test_report_generate_requires_auth" time="0.146" /><testcase classname="backend.tests.test_reports_iteration33.TestExportEndpoints" name="test_pdf_export_endpoint_exists" time="0.337" /><testcase classname="backend.tests.test_reports_iteration33.TestExportEndpoints" name="test_docx_export_endpoint_exists" time="0.377" /><testcase classname="backend.tests.test_reports_iteration33.TestPublicPages" name="test_landing_page_loads" time="0.142" /><testcase classname="backend.tests.test_reports_iteration33.TestPublicPages" name="test_legal_resources_page" time="0.111" /><testcase classname="backend.tests.test_reports_iteration33.TestPublicPages" name="test_terms_page" time="0.163" /><testcase classname="backend.tests.test_reports_iteration33.TestPublicPages" name="test_about_page" time="0.124" /></testsuite></testsuites>