<?xml version="1.0" encoding="utf-8"?><testsuites name="pytest tests"><testsuite name="pytest" errors="0" failures="1" skipped="0" tests="5" time="0.761" timestamp="2026-03-05T18:11:48.750190+00:00" hostname="agent-env-0f45b639-cfc5-40ed-9c9a-d8271c378ad4"><testcase classname="backend.tests.test_iteration29.TestStripeRemoval" name="test_payments_checkout_returns_404" time="0.143" /><testcase classname="backend.tests.test_iteration29.TestBackendHealth" name="test_health_endpoint" time="0.113" /><testcase classname="backend.tests.test_iteration29.TestPaymentPrices" name="test_prices_endpoint" time="0.205" /><testcase classname="backend.tests.test_iteration29.TestLandingPagePricing" name="test_landing_page_accessible" time="0.122" /><testcase classname="backend.tests.test_iteration29.TestAuthEndpoint" name="test_auth_status_endpoint" time="0.111"><failure message="AssertionError: Auth status endpoint issue: 404&#10;assert 404 in [200, 401]&#10; +  where 404 = &lt;Response [404]&gt;.status_code">backend/tests/test_iteration29.py:86: in test_auth_status_endpoint
    assert response.status_code in [200, 401], f"Auth status endpoint issue: {response.status_code}"
E   AssertionError: Auth status endpoint issue: 404
E   assert 404 in [200, 401]
E    +  where 404 = &lt;Response [404]&gt;.status_code</failure></testcase></testsuite></testsuites>