<?xml version="1.0" encoding="utf-8"?><testsuites name="pytest tests"><testsuite name="pytest" errors="0" failures="0" skipped="6" tests="7" time="0.461" timestamp="2026-03-06T14:23:39.339687+00:00" hostname="agent-env-9476e74d-75b7-4c1c-94b5-f4371dd328c1"><testcase classname="backend.tests.test_report_prompt_quality.TestReportAPIAccess" name="test_health_check" time="0.274" /><testcase classname="backend.tests.test_report_prompt_quality.TestReportAPIAccess" name="test_login_and_get_cases" time="0.134"><skipped type="pytest.skip" message="Login failed with status 401: {&quot;detail&quot;:&quot;Invalid email or password&quot;}">/app/backend/tests/test_report_prompt_quality.py:46: Login failed with status 401: {"detail":"Invalid email or password"}</skipped></testcase><testcase classname="backend.tests.test_report_prompt_quality.TestReportContentQuality" name="test_get_existing_report" time="0.000"><skipped type="pytest.skip" message="Login failed with status 401: {&quot;detail&quot;:&quot;Invalid email or password&quot;}">/app/backend/tests/test_report_prompt_quality.py:58: Login failed with status 401: {"detail":"Invalid email or password"}</skipped></testcase><testcase classname="backend.tests.test_report_prompt_quality.TestReportContentQuality" name="test_specific_report_content" time="0.000"><skipped type="pytest.skip" message="Login failed with status 401: {&quot;detail&quot;:&quot;Invalid email or password&quot;}">/app/backend/tests/test_report_prompt_quality.py:81: Login failed with status 401: {"detail":"Invalid email or password"}</skipped></testcase><testcase classname="backend.tests.test_report_prompt_quality.TestQuickSummaryPromptSections" name="test_quick_summary_has_required_sections" time="0.000"><skipped type="pytest.skip" message="Login failed with status 401: {&quot;detail&quot;:&quot;Invalid email or password&quot;}">/app/backend/tests/test_report_prompt_quality.py:135: Login failed with status 401: {"detail":"Invalid email or password"}</skipped></testcase><testcase classname="backend.tests.test_report_prompt_quality.TestAggressiveModeBottomSection" name="test_aggressive_mode_section_in_response" time="0.000"><skipped type="pytest.skip" message="Login failed with status 401: {&quot;detail&quot;:&quot;Invalid email or password&quot;}">/app/backend/tests/test_report_prompt_quality.py:210: Login failed with status 401: {"detail":"Invalid email or password"}</skipped></testcase><testcase classname="backend.tests.test_report_prompt_quality.TestReportGenerationEndpoint" name="test_report_generation_endpoint_exists" time="0.000"><skipped type="pytest.skip" message="Login failed with status 401: {&quot;detail&quot;:&quot;Invalid email or password&quot;}">/app/backend/tests/test_report_prompt_quality.py:272: Login failed with status 401: {"detail":"Invalid email or password"}</skipped></testcase></testsuite></testsuites>