<?xml version="1.0" encoding="utf-8"?><testsuites name="pytest tests"><testsuite name="pytest" errors="0" failures="0" skipped="0" tests="20" time="2.059" timestamp="2026-03-06T03:49:08.326351+00:00" hostname="agent-env-9476e74d-75b7-4c1c-94b5-f4371dd328c1"><testcase classname="backend.tests.test_reports_iteration34.TestHealthAndPublicEndpoints" name="test_health_endpoint" time="0.304" /><testcase classname="backend.tests.test_reports_iteration34.TestHealthAndPublicEndpoints" name="test_offence_categories" time="0.117" /><testcase classname="backend.tests.test_reports_iteration34.TestHealthAndPublicEndpoints" name="test_states_endpoint" time="0.114" /><testcase classname="backend.tests.test_reports_iteration34.TestHealthAndPublicEndpoints" name="test_payment_prices" time="0.112" /><testcase classname="backend.tests.test_reports_iteration34.TestAuthenticationProtection" name="test_cases_requires_auth" time="0.111" /><testcase classname="backend.tests.test_reports_iteration34.TestAuthenticationProtection" name="test_auth_me_requires_auth" time="0.156" /><testcase classname="backend.tests.test_reports_iteration34.TestReportEndpointsExist" name="test_report_generate_requires_auth" time="0.178" /><testcase classname="backend.tests.test_reports_iteration34.TestReportEndpointsExist" name="test_pdf_export_endpoint_exists" time="0.179" /><testcase classname="backend.tests.test_reports_iteration34.TestReportEndpointsExist" name="test_docx_export_endpoint_exists" time="0.207" /><testcase classname="backend.tests.test_reports_iteration34.TestStaticPages" name="test_landing_page" time="0.106" /><testcase classname="backend.tests.test_reports_iteration34.TestStaticPages" name="test_legal_resources_page" time="0.159" /><testcase classname="backend.tests.test_reports_iteration34.TestStaticPages" name="test_terms_page" time="0.108" /><testcase classname="backend.tests.test_reports_iteration34.TestStaticPages" name="test_about_page" time="0.104" /><testcase classname="backend.tests.test_reports_iteration34.TestPromptContentVerification" name="test_verify_backend_prompts_via_code_inspection" time="0.008" /><testcase classname="backend.tests.test_reports_iteration34.TestPromptContentVerification" name="test_verify_guardrails_in_prompts" time="0.001" /><testcase classname="backend.tests.test_reports_iteration34.TestPromptContentVerification" name="test_verify_table_column_specifications" time="0.001" /><testcase classname="backend.tests.test_reports_iteration34.TestFrontendDependencies" name="test_verify_react_markdown_dependency" time="0.000" /><testcase classname="backend.tests.test_reports_iteration34.TestFrontendDependencies" name="test_verify_remark_gfm_dependency" time="0.000" /><testcase classname="backend.tests.test_reports_iteration34.TestReportViewComponent" name="test_verify_reportview_has_required_elements" time="0.000" /><testcase classname="backend.tests.test_reports_iteration34.TestReportsSectionComponent" name="test_verify_reports_section_features" time="0.000" /></testsuite></testsuites>