<?xml version="1.0" encoding="utf-8"?><testsuites name="pytest tests"><testsuite name="pytest" errors="0" failures="0" skipped="0" tests="13" time="1.754" timestamp="2026-03-05T18:19:38.949021+00:00" hostname="agent-env-0f45b639-cfc5-40ed-9c9a-d8271c378ad4"><testcase classname="backend.tests.test_payments_paypal_payid.TestPaymentPrices" name="test_prices_endpoint_returns_correct_structure" time="0.171" /><testcase classname="backend.tests.test_payments_paypal_payid.TestPaymentPrices" name="test_full_report_price" time="0.138" /><testcase classname="backend.tests.test_payments_paypal_payid.TestPaymentPrices" name="test_extensive_report_price" time="0.108" /><testcase classname="backend.tests.test_payments_paypal_payid.TestPaymentPrices" name="test_grounds_of_merit_price" time="0.118" /><testcase classname="backend.tests.test_payments_paypal_payid.TestPaymentMethods" name="test_methods_endpoint_returns_paypal_and_payid" time="0.131" /><testcase classname="backend.tests.test_payments_paypal_payid.TestPaymentMethods" name="test_paypal_is_enabled" time="0.139" /><testcase classname="backend.tests.test_payments_paypal_payid.TestPaymentMethods" name="test_payid_is_enabled" time="0.109" /><testcase classname="backend.tests.test_payments_paypal_payid.TestHealthEndpoint" name="test_health_endpoint" time="0.116" /><testcase classname="backend.tests.test_payments_paypal_payid.TestPayPalCreateOrderRequiresAuth" name="test_create_order_without_auth_returns_401" time="0.180" /><testcase classname="backend.tests.test_payments_paypal_payid.TestPayIDCreateReferenceRequiresAuth" name="test_create_reference_without_auth_returns_401" time="0.168" /><testcase classname="backend.tests.test_payments_paypal_payid.TestPayIDPendingRequiresAdmin" name="test_pending_payments_without_auth_returns_401" time="0.106" /><testcase classname="backend.tests.test_payments_paypal_payid.TestPayPalInvalidFeatureType" name="test_prices_contains_expected_feature_types" time="0.108" /><testcase classname="backend.tests.test_payments_paypal_payid.TestLandingPageAccessible" name="test_landing_page_loads" time="0.101" /></testsuite></testsuites>