<?xml version="1.0" encoding="utf-8"?><testsuites name="pytest tests"><testsuite name="pytest" errors="0" failures="0" skipped="0" tests="47" time="12.758" timestamp="2026-02-12T10:57:53.365725+00:00" hostname="agent-env-b374c9cd-b549-4dae-82cd-93cf08026032"><testcase classname="backend.tests.test_api.TestHealthCheck" name="test_api_health" time="0.053" /><testcase classname="backend.tests.test_api.TestHealthCheck" name="test_api_root" time="0.039" /><testcase classname="backend.tests.test_api.TestAuthentication" name="test_auth_me_with_valid_token" time="0.038" /><testcase classname="backend.tests.test_api.TestAuthentication" name="test_auth_me_without_token" time="0.037" /><testcase classname="backend.tests.test_api.TestCaseCRUD" name="test_create_case" time="0.039" /><testcase classname="backend.tests.test_api.TestCaseCRUD" name="test_get_cases" time="0.044" /><testcase classname="backend.tests.test_api.TestCaseCRUD" name="test_get_case_by_id" time="0.077" /><testcase classname="backend.tests.test_api.TestCaseCRUD" name="test_update_case" time="0.042" /><testcase classname="backend.tests.test_api.TestDocumentManagement" name="test_upload_document_txt" time="0.038" /><testcase classname="backend.tests.test_api.TestDocumentManagement" name="test_get_documents" time="0.037" /><testcase classname="backend.tests.test_api.TestDocumentManagement" name="test_delete_document" time="0.075" /><testcase classname="backend.tests.test_api.TestGroundsOfMerit" name="test_create_ground" time="0.039" /><testcase classname="backend.tests.test_api.TestGroundsOfMerit" name="test_get_grounds" time="0.037" /><testcase classname="backend.tests.test_api.TestGroundsOfMerit" name="test_get_ground_by_id" time="0.110" /><testcase classname="backend.tests.test_api.TestGroundsOfMerit" name="test_update_ground" time="0.119" /><testcase classname="backend.tests.test_api.TestGroundsOfMerit" name="test_delete_ground" time="0.106" /><testcase classname="backend.tests.test_api.TestNotes" name="test_create_note" time="0.037" /><testcase classname="backend.tests.test_api.TestNotes" name="test_get_notes" time="0.039" /><testcase classname="backend.tests.test_api.TestNotes" name="test_update_note" time="0.162" /><testcase classname="backend.tests.test_api.TestNotes" name="test_toggle_pin_note" time="0.114" /><testcase classname="backend.tests.test_api.TestNotes" name="test_delete_note" time="0.118" /><testcase classname="backend.tests.test_api.TestReportGeneration" name="test_generate_quick_summary_report" time="8.718" /><testcase classname="backend.tests.test_api.TestReportGeneration" name="test_get_reports" time="0.055" /><testcase classname="backend.tests.test_api.TestPDFExport" name="test_pdf_export_endpoint" time="0.135" /><testcase classname="backend.tests.test_api.TestPDFExport" name="test_pdf_export_invalid_report" time="0.074" /><testcase classname="backend.tests.test_api.TestDocumentSearch" name="test_search_documents_basic" time="0.153" /><testcase classname="backend.tests.test_api.TestDocumentSearch" name="test_search_documents_with_matches" time="0.040" /><testcase classname="backend.tests.test_api.TestDocumentSearch" name="test_search_documents_case_sensitive" time="0.077" /><testcase classname="backend.tests.test_api.TestDocumentSearch" name="test_search_documents_no_matches" time="0.038" /><testcase classname="backend.tests.test_api.TestDocumentSearch" name="test_search_documents_empty_query" time="0.039" /><testcase classname="backend.tests.test_api.TestDocumentSearch" name="test_search_documents_short_query" time="0.036" /><testcase classname="backend.tests.test_api.TestDocumentSearch" name="test_search_documents_unauthorized" time="0.034" /><testcase classname="backend.tests.test_api.TestDocumentSearch" name="test_search_documents_invalid_case" time="0.035" /><testcase classname="backend.tests.test_api.TestDocumentSearch" name="test_search_documents_sorted_by_match_count" time="0.039" /><testcase classname="backend.tests.test_api.TestOCR" name="test_ocr_single_image_document" time="0.319" /><testcase classname="backend.tests.test_api.TestOCR" name="test_ocr_scanned_pdf_document" time="0.615" /><testcase classname="backend.tests.test_api.TestOCR" name="test_ocr_updates_document_content" time="0.215" /><testcase classname="backend.tests.test_api.TestOCR" name="test_ocr_all_documents" time="0.159" /><testcase classname="backend.tests.test_api.TestOCR" name="test_ocr_all_skips_documents_with_text" time="0.037" /><testcase classname="backend.tests.test_api.TestOCR" name="test_ocr_document_not_found" time="0.039" /><testcase classname="backend.tests.test_api.TestOCR" name="test_ocr_unauthorized" time="0.037" /><testcase classname="backend.tests.test_api.TestOCR" name="test_ocr_all_unauthorized" time="0.038" /><testcase classname="backend.tests.test_api.TestOCR" name="test_ocr_invalid_case" time="0.037" /><testcase classname="backend.tests.test_api.TestTimeline" name="test_create_timeline_event" time="0.039" /><testcase classname="backend.tests.test_api.TestTimeline" name="test_get_timeline" time="0.035" /><testcase classname="backend.tests.test_api.TestTimeline" name="test_delete_timeline_event" time="0.079" /><testcase classname="backend.tests.test_api.TestCleanup" name="test_delete_case" time="0.162" /></testsuite></testsuites>