<?xml version="1.0" encoding="utf-8"?><testsuites name="pytest tests"><testsuite name="pytest" errors="0" failures="3" skipped="0" tests="51" time="15.759" timestamp="2026-02-12T12:38:45.242788+00:00" hostname="agent-env-b374c9cd-b549-4dae-82cd-93cf08026032"><testcase classname="backend.tests.test_api.TestHealthCheck" name="test_api_health" time="0.060" /><testcase classname="backend.tests.test_api.TestHealthCheck" name="test_api_root" time="0.040" /><testcase classname="backend.tests.test_api.TestAuthentication" name="test_auth_me_with_valid_token" time="0.044" /><testcase classname="backend.tests.test_api.TestAuthentication" name="test_auth_me_without_token" time="0.039" /><testcase classname="backend.tests.test_api.TestCaseCRUD" name="test_create_case" time="0.040" /><testcase classname="backend.tests.test_api.TestCaseCRUD" name="test_get_cases" time="0.047" /><testcase classname="backend.tests.test_api.TestCaseCRUD" name="test_get_case_by_id" time="0.076" /><testcase classname="backend.tests.test_api.TestCaseCRUD" name="test_update_case" time="0.034" /><testcase classname="backend.tests.test_api.TestDocumentManagement" name="test_upload_document_txt" time="0.041" /><testcase classname="backend.tests.test_api.TestDocumentManagement" name="test_get_documents" time="0.038" /><testcase classname="backend.tests.test_api.TestDocumentManagement" name="test_delete_document" time="0.157" /><testcase classname="backend.tests.test_api.TestGroundsOfMerit" name="test_create_ground" time="0.032" /><testcase classname="backend.tests.test_api.TestGroundsOfMerit" name="test_get_grounds" time="0.196" /><testcase classname="backend.tests.test_api.TestGroundsOfMerit" name="test_get_ground_by_id" time="0.107" /><testcase classname="backend.tests.test_api.TestGroundsOfMerit" name="test_update_ground" time="0.116" /><testcase classname="backend.tests.test_api.TestGroundsOfMerit" name="test_delete_ground" time="0.112" /><testcase classname="backend.tests.test_api.TestNotes" name="test_create_note" time="0.046" /><testcase classname="backend.tests.test_api.TestNotes" name="test_get_notes" time="0.038" /><testcase classname="backend.tests.test_api.TestNotes" name="test_update_note" time="0.113" /><testcase classname="backend.tests.test_api.TestNotes" name="test_toggle_pin_note" time="0.113" /><testcase classname="backend.tests.test_api.TestNotes" name="test_delete_note" time="0.148" /><testcase classname="backend.tests.test_api.TestReportGeneration" name="test_generate_quick_summary_report" time="10.785" /><testcase classname="backend.tests.test_api.TestReportGeneration" name="test_get_reports" time="0.054" /><testcase classname="backend.tests.test_api.TestPDFExport" name="test_pdf_export_endpoint" time="0.247" /><testcase classname="backend.tests.test_api.TestPDFExport" name="test_pdf_export_invalid_report" time="0.037" /><testcase classname="backend.tests.test_api.TestDOCXExport" name="test_docx_export_endpoint" time="0.238" /><testcase classname="backend.tests.test_api.TestDOCXExport" name="test_docx_export_invalid_report" time="0.041" /><testcase classname="backend.tests.test_api.TestDOCXExport" name="test_docx_export_unauthorized" time="0.068" /><testcase classname="backend.tests.test_api.TestDOCXExport" name="test_docx_export_content_structure" time="0.139" /><testcase classname="backend.tests.test_api.TestDocumentSearch" name="test_search_documents_basic" time="0.230" /><testcase classname="backend.tests.test_api.TestDocumentSearch" name="test_search_documents_with_matches" time="0.039" /><testcase classname="backend.tests.test_api.TestDocumentSearch" name="test_search_documents_case_sensitive" time="0.074" /><testcase classname="backend.tests.test_api.TestDocumentSearch" name="test_search_documents_no_matches" time="0.033" /><testcase classname="backend.tests.test_api.TestDocumentSearch" name="test_search_documents_empty_query" time="0.038" /><testcase classname="backend.tests.test_api.TestDocumentSearch" name="test_search_documents_short_query" time="0.035" /><testcase classname="backend.tests.test_api.TestDocumentSearch" name="test_search_documents_unauthorized" time="0.038" /><testcase classname="backend.tests.test_api.TestDocumentSearch" name="test_search_documents_invalid_case" time="0.035" /><testcase classname="backend.tests.test_api.TestDocumentSearch" name="test_search_documents_sorted_by_match_count" time="0.037" /><testcase classname="backend.tests.test_api.TestOCR" name="test_ocr_single_image_document" time="1.098"><failure message="assert False == True">backend/tests/test_api.py:582: in test_ocr_single_image_document
    assert data["success"] == True
E   assert False == True</failure></testcase><testcase classname="backend.tests.test_api.TestOCR" name="test_ocr_scanned_pdf_document" time="0.043"><failure message="assert False == True">backend/tests/test_api.py:599: in test_ocr_scanned_pdf_document
    assert data["success"] == True
E   assert False == True</failure></testcase><testcase classname="backend.tests.test_api.TestOCR" name="test_ocr_updates_document_content" time="0.080"><failure message="AssertionError: assert 0 &gt; 0&#10; +  where 0 = len('')&#10; +    where '' = &lt;built-in method get of dict object at 0xf8c6308f0680&gt;('content_text', '')&#10; +      where &lt;built-in method get of dict object at 0xf8c6308f0680&gt; = {'case_id': 'case_c89889519988', 'category': 'evidence', 'content_text': '', 'description': 'Test image for OCR', ...}.get">backend/tests/test_api.py:623: in test_ocr_updates_document_content
    assert len(data.get("content_text", "")) &gt; 0
E   AssertionError: assert 0 &gt; 0
E    +  where 0 = len('')
E    +    where '' = &lt;built-in method get of dict object at 0xf8c6308f0680&gt;('content_text', '')
E    +      where &lt;built-in method get of dict object at 0xf8c6308f0680&gt; = {'case_id': 'case_c89889519988', 'category': 'evidence', 'content_text': '', 'description': 'Test image for OCR', ...}.get</failure></testcase><testcase classname="backend.tests.test_api.TestOCR" name="test_ocr_all_documents" time="0.060" /><testcase classname="backend.tests.test_api.TestOCR" name="test_ocr_all_skips_documents_with_text" time="0.041" /><testcase classname="backend.tests.test_api.TestOCR" name="test_ocr_document_not_found" time="0.037" /><testcase classname="backend.tests.test_api.TestOCR" name="test_ocr_unauthorized" time="0.036" /><testcase classname="backend.tests.test_api.TestOCR" name="test_ocr_all_unauthorized" time="0.036" /><testcase classname="backend.tests.test_api.TestOCR" name="test_ocr_invalid_case" time="0.038" /><testcase classname="backend.tests.test_api.TestTimeline" name="test_create_timeline_event" time="0.043" /><testcase classname="backend.tests.test_api.TestTimeline" name="test_get_timeline" time="0.036" /><testcase classname="backend.tests.test_api.TestTimeline" name="test_delete_timeline_event" time="0.074" /><testcase classname="backend.tests.test_api.TestCleanup" name="test_delete_case" time="0.154" /></testsuite></testsuites>