<?xml version="1.0" encoding="utf-8"?><testsuites name="pytest tests"><testsuite name="pytest" errors="0" failures="0" skipped="0" tests="17" time="2.242" timestamp="2026-03-04T12:49:41.527492+00:00" hostname="agent-env-732a138d-87ba-4c07-91ed-fcbbc27876b2"><testcase classname="tests.test_regression.TestHealthCheck" name="test_api_health" time="0.230" /><testcase classname="tests.test_regression.TestHealthCheck" name="test_root_health_returns_html" time="0.107" /><testcase classname="tests.test_regression.TestAuthentication" name="test_auth_me_with_valid_token" time="0.276" /><testcase classname="tests.test_regression.TestAuthentication" name="test_auth_me_without_token" time="0.106" /><testcase classname="tests.test_regression.TestCasesEndpoint" name="test_get_cases" time="0.117" /><testcase classname="tests.test_regression.TestCasesEndpoint" name="test_get_cases_unauthorized" time="0.110" /><testcase classname="tests.test_regression.TestDocumentsEndpoint" name="test_get_documents" time="0.122" /><testcase classname="tests.test_regression.TestDocumentsEndpoint" name="test_get_documents_invalid_case" time="0.112" /><testcase classname="tests.test_regression.TestTimelineEndpoint" name="test_get_timeline" time="0.104" /><testcase classname="tests.test_regression.TestNotesEndpoint" name="test_get_notes" time="0.122" /><testcase classname="tests.test_regression.TestDeadlinesEndpoint" name="test_get_deadlines" time="0.105" /><testcase classname="tests.test_regression.TestChecklistEndpoint" name="test_get_checklist" time="0.116" /><testcase classname="tests.test_regression.TestResourcesEndpoint" name="test_get_resources_directory" time="0.105" /><testcase classname="tests.test_regression.TestTemplatesEndpoint" name="test_get_templates" time="0.109" /><testcase classname="tests.test_regression.TestReportsEndpoint" name="test_get_reports" time="0.102" /><testcase classname="tests.test_regression.TestReportsEndpoint" name="test_verify_all_report_types_exist" time="0.118" /><testcase classname="tests.test_regression.TestReportsEndpoint" name="test_get_reports_unauthorized" time="0.106" /></testsuite></testsuites>