<?xml version="1.0" encoding="utf-8"?><testsuites name="pytest tests"><testsuite name="pytest" errors="0" failures="0" skipped="0" tests="17" time="49.665" timestamp="2026-03-04T11:10:48.435884+00:00" hostname="agent-env-732a138d-87ba-4c07-91ed-fcbbc27876b2"><testcase classname="backend.tests.test_report_generation.TestHealthCheck" name="test_api_health" time="0.139" /><testcase classname="backend.tests.test_report_generation.TestHealthCheck" name="test_api_root" time="0.115" /><testcase classname="backend.tests.test_report_generation.TestAuthentication" name="test_auth_me_with_valid_token" time="0.118" /><testcase classname="backend.tests.test_report_generation.TestAuthentication" name="test_auth_me_without_token" time="0.108" /><testcase classname="backend.tests.test_report_generation.TestReportGeneration" name="test_generate_quick_summary_report" time="6.270" /><testcase classname="backend.tests.test_report_generation.TestReportGeneration" name="test_generate_full_detailed_report" time="9.417" /><testcase classname="backend.tests.test_report_generation.TestReportGeneration" name="test_generate_extensive_log_report" time="17.706" /><testcase classname="backend.tests.test_report_generation.TestReportGeneration" name="test_generate_report_invalid_type" time="0.153" /><testcase classname="backend.tests.test_report_generation.TestReportGeneration" name="test_generate_report_unauthorized" time="0.101" /><testcase classname="backend.tests.test_report_generation.TestGetReportsList" name="test_get_reports_list" time="0.121" /><testcase classname="backend.tests.test_report_generation.TestGetReportsList" name="test_get_reports_unauthorized" time="0.103" /><testcase classname="backend.tests.test_report_generation.TestGetReportsList" name="test_get_reports_invalid_case" time="0.103" /><testcase classname="backend.tests.test_report_generation.TestAutoIdentifyGrounds" name="test_auto_identify_grounds" time="14.610" /><testcase classname="backend.tests.test_report_generation.TestAutoIdentifyGrounds" name="test_auto_identify_grounds_unauthorized" time="0.186" /><testcase classname="backend.tests.test_report_generation.TestAutoIdentifyGrounds" name="test_auto_identify_grounds_invalid_case" time="0.106" /><testcase classname="backend.tests.test_report_generation.TestExistingReports" name="test_verify_existing_reports" time="0.119" /><testcase classname="backend.tests.test_report_generation.TestCleanup" name="test_cleanup_test_case" time="0.106" /></testsuite></testsuites>