<?xml version="1.0" encoding="utf-8"?><testsuites name="pytest tests"><testsuite name="pytest" errors="0" failures="0" skipped="0" tests="35" time="4.413" timestamp="2026-03-05T05:48:24.486886+00:00" hostname="agent-env-5f91b78f-90e3-48ab-8648-9ce593848291"><testcase classname="backend.tests.test_state_offence_framework.TestStatesEndpoint" name="test_get_all_states" time="0.480" /><testcase classname="backend.tests.test_state_offence_framework.TestStatesEndpoint" name="test_state_abbreviations" time="0.103" /><testcase classname="backend.tests.test_state_offence_framework.TestOffenceCategoriesEndpoint" name="test_get_all_categories" time="0.098" /><testcase classname="backend.tests.test_state_offence_framework.TestOffenceCategoriesEndpoint" name="test_category_structure" time="0.100" /><testcase classname="backend.tests.test_state_offence_framework.TestOffenceFrameworkStateSpecific" name="test_homicide_vic_legislation" time="0.100" /><testcase classname="backend.tests.test_state_offence_framework.TestOffenceFrameworkStateSpecific" name="test_homicide_qld_legislation" time="0.098" /><testcase classname="backend.tests.test_state_offence_framework.TestOffenceFrameworkStateSpecific" name="test_homicide_nsw_legislation" time="0.116" /><testcase classname="backend.tests.test_state_offence_framework.TestOffenceFrameworkStateSpecific" name="test_homicide_sa_legislation" time="0.107" /><testcase classname="backend.tests.test_state_offence_framework.TestOffenceFrameworkStateSpecific" name="test_homicide_wa_legislation" time="0.098" /><testcase classname="backend.tests.test_state_offence_framework.TestOffenceFrameworkStateSpecific" name="test_homicide_tas_legislation" time="0.142" /><testcase classname="backend.tests.test_state_offence_framework.TestOffenceFrameworkStateSpecific" name="test_homicide_nt_legislation" time="0.101" /><testcase classname="backend.tests.test_state_offence_framework.TestOffenceFrameworkStateSpecific" name="test_homicide_act_legislation" time="0.094" /><testcase classname="backend.tests.test_state_offence_framework.TestOffenceFrameworkAppealInfo" name="test_appeal_framework_vic" time="0.098" /><testcase classname="backend.tests.test_state_offence_framework.TestOffenceFrameworkAppealInfo" name="test_appeal_framework_qld" time="0.098" /><testcase classname="backend.tests.test_state_offence_framework.TestOffenceFrameworkAppealInfo" name="test_common_appeal_grounds_present" time="0.094" /><testcase classname="backend.tests.test_state_offence_framework.TestOtherOffenceCategories" name="test_drug_offences_vic" time="0.091" /><testcase classname="backend.tests.test_state_offence_framework.TestOtherOffenceCategories" name="test_drug_offences_qld" time="0.096" /><testcase classname="backend.tests.test_state_offence_framework.TestOtherOffenceCategories" name="test_fraud_vic" time="0.093" /><testcase classname="backend.tests.test_state_offence_framework.TestOtherOffenceCategories" name="test_domestic_violence_vic" time="0.097" /><testcase classname="backend.tests.test_state_offence_framework.TestOtherOffenceCategories" name="test_terrorism_cth_legislation" time="0.103" /><testcase classname="backend.tests.test_state_offence_framework.TestOtherOffenceCategories" name="test_invalid_category_returns_404" time="0.101" /><testcase classname="backend.tests.test_state_offence_framework.TestCategoryCompleteness" name="test_homicide_all_states[nsw-NSW]" time="0.094" /><testcase classname="backend.tests.test_state_offence_framework.TestCategoryCompleteness" name="test_homicide_all_states[vic-VIC]" time="0.135" /><testcase classname="backend.tests.test_state_offence_framework.TestCategoryCompleteness" name="test_homicide_all_states[qld-QLD]" time="0.098" /><testcase classname="backend.tests.test_state_offence_framework.TestCategoryCompleteness" name="test_homicide_all_states[sa-SA]" time="0.103" /><testcase classname="backend.tests.test_state_offence_framework.TestCategoryCompleteness" name="test_homicide_all_states[wa-WA]" time="0.108" /><testcase classname="backend.tests.test_state_offence_framework.TestCategoryCompleteness" name="test_homicide_all_states[tas-TAS]" time="0.287" /><testcase classname="backend.tests.test_state_offence_framework.TestCategoryCompleteness" name="test_homicide_all_states[nt-NT]" time="0.096" /><testcase classname="backend.tests.test_state_offence_framework.TestCategoryCompleteness" name="test_homicide_all_states[act-ACT]" time="0.096" /><testcase classname="backend.tests.test_state_offence_framework.TestCategoryCompleteness" name="test_common_categories_vic[homicide]" time="0.107" /><testcase classname="backend.tests.test_state_offence_framework.TestCategoryCompleteness" name="test_common_categories_vic[assault]" time="0.103" /><testcase classname="backend.tests.test_state_offence_framework.TestCategoryCompleteness" name="test_common_categories_vic[drug_offences]" time="0.098" /><testcase classname="backend.tests.test_state_offence_framework.TestCategoryCompleteness" name="test_common_categories_vic[fraud_dishonesty]" time="0.196" /><testcase classname="backend.tests.test_state_offence_framework.TestCategoryCompleteness" name="test_common_categories_vic[domestic_violence]" time="0.159" /><testcase classname="backend.tests.test_state_offence_framework.TestCategoryCompleteness" name="test_common_categories_vic[driving_offences]" time="0.097" /></testsuite></testsuites>