<?xml version="1.0" encoding="utf-8"?><testsuites name="pytest tests"><testsuite name="pytest" errors="0" failures="0" skipped="0" tests="11" time="17.252" timestamp="2026-03-05T17:43:04.671946+00:00" hostname="agent-env-824e6969-4799-486a-acf0-1af5a0d38198"><testcase classname="backend.tests.test_stripe_payments_iteration28.TestStripePayments" name="test_get_prices_endpoint" time="0.131" /><testcase classname="backend.tests.test_stripe_payments_iteration28.TestStripePayments" name="test_checkout_creates_session" time="0.876" /><testcase classname="backend.tests.test_stripe_payments_iteration28.TestStripePayments" name="test_checkout_invalid_feature_type" time="0.192" /><testcase classname="backend.tests.test_stripe_payments_iteration28.TestStripePayments" name="test_checkout_requires_auth" time="0.198" /><testcase classname="backend.tests.test_stripe_payments_iteration28.TestReportGeneration" name="test_report_generation_quick_summary" time="14.731" /><testcase classname="backend.tests.test_stripe_payments_iteration28.TestReportGeneration" name="test_get_reports_list" time="0.165" /><testcase classname="backend.tests.test_stripe_payments_iteration28.TestReportGeneration" name="test_get_single_report" time="0.113" /><testcase classname="backend.tests.test_stripe_payments_iteration28.TestPaymentStatus" name="test_payment_status_invalid_session" time="0.275" /><testcase classname="backend.tests.test_stripe_payments_iteration28.TestPaymentStatus" name="test_payment_status_requires_auth" time="0.149" /><testcase classname="backend.tests.test_stripe_payments_iteration28.TestHealthAndCaseAccess" name="test_health_endpoint" time="0.112" /><testcase classname="backend.tests.test_stripe_payments_iteration28.TestHealthAndCaseAccess" name="test_case_exists" time="0.243" /></testsuite></testsuites>