<?xml version="1.0" encoding="utf-8"?><testsuites name="pytest tests"><testsuite name="pytest" errors="0" failures="0" skipped="0" tests="5" time="4.552" timestamp="2026-03-05T03:05:16.644990+00:00" hostname="agent-env-2b5de5fe-2629-40ed-98cc-7c83a00080aa"><testcase classname="backend.tests.test_terms_acceptance.TestTermsAcceptance" name="test_get_me_returns_terms_accepted_false" time="0.901" /><testcase classname="backend.tests.test_terms_acceptance.TestTermsAcceptance" name="test_accept_terms_endpoint" time="0.866" /><testcase classname="backend.tests.test_terms_acceptance.TestTermsAcceptance" name="test_get_me_returns_terms_accepted_true_after_accept" time="1.018" /><testcase classname="backend.tests.test_terms_acceptance.TestTermsAcceptance" name="test_accept_terms_requires_auth" time="0.873" /><testcase classname="backend.tests.test_terms_acceptance.TestExistingUserWithTerms" name="test_existing_user_terms_accepted_true" time="0.842" /></testsuite></testsuites>